 ⨯ upstream image response failed for https://api.showroom.estarch.com.bd/undefined 404
 ⨯ upstream image response failed for https://api.showroom.estarch.com.bd/undefined 404
 ⨯ upstream image response failed for https://api.showroom.estarch.com.bd/http://res.cloudinary.com/dhn94c9k5/image/upload/v1725292800/imoqsv8mb5itfav3czd5.jpg 404
 ⨯ upstream image response failed for https://api.showroom.estarch.com.bd/undefined 404
 ⨯ upstream image response failed for https://api.showroom.estarch.com.bd/undefined 404
 ⨯ upstream image response failed for https://api.showroom.estarch.com.bd/undefined 404
 ⨯ upstream image response failed for https://api.showroom.estarch.com.bd/undefined 404
 ⨯ upstream image response failed for https://api.showroom.estarch.com.bd/undefined 404
 ⨯ upstream image response failed for https://api.showroom.estarch.com.bd/undefined 404
 ⨯ upstream image response failed for https://api.showroom.estarch.com.bd/undefined 404
 ⨯ The requested resource isn't a valid image for /_next/static/media/banner2.7a3eb888.jpeg received text/html; charset=utf-8
 ⨯ The requested resource isn't a valid image for /_next/static/media/banner2.7a3eb888.jpeg received text/html; charset=utf-8
 ⨯ upstream image response failed for https://api.showroom.estarch.com.bd/undefined 404
 ⨯ upstream image response failed for https://api.showroom.estarch.com.bd/undefined 404
 ⨯ upstream image response failed for https://api.showroom.estarch.com.bd/undefined 404
 ⨯ upstream image response failed for https://api.showroom.estarch.com.bd/undefined 404
 ⨯ upstream image response failed for https://api.showroom.estarch.com.bd/undefined 404
 ⨯ upstream image response failed for https://api.showroom.estarch.com.bd/undefined 404
 ⨯ upstream image response failed for https://api.showroom.estarch.com.bd/undefined 404
 ⨯ upstream image response failed for https://api.showroom.estarch.com.bd/undefined 404
 ⨯ upstream image response failed for https://api.showroom.estarch.com.bd/undefined 404
 ⨯ upstream image response failed for https://api.showroom.estarch.com.bd/undefined 404
 ⨯ upstream image response failed for https://api.showroom.estarch.com.bd/undefined 404
 ⨯ upstream image response failed for https://api.showroom.estarch.com.bd/undefined 404
 ⨯ upstream image response failed for https://api.showroom.estarch.com.bd/http://res.cloudinary.com/dhn94c9k5/image/upload/v1724228065/qgx5vx8iallaebcjjgq2.jpg 404
 ⨯ The requested resource isn't a valid image for /_next/static/media/banner2.7a3eb888.jpeg received text/html; charset=utf-8
 ⨯ upstream image response failed for https://api.showroom.estarch.com.bd/undefined 404
 ⨯ upstream image response failed for https://api.showroom.estarch.com.bd/undefined 404
 ⨯ upstream image response failed for https://api.showroom.estarch.com.bd/http://res.cloudinary.com/dhn94c9k5/image/upload/v1724422184/sa9tmjziqrd8iga81rof.jpg 404
 ⨯ upstream image response failed for https://api.showroom.estarch.com.bd/undefined 404
 ⨯ upstream image response failed for https://api.showroom.estarch.com.bd/undefined 404
 ⨯ upstream image response failed for https://api.showroom.estarch.com.bd/undefined 404
 ⨯ upstream image response failed for https://api.showroom.estarch.com.bd/undefined 404
 ⨯ upstream image response failed for https://api.showroom.estarch.com.bd/undefined 404
 ⨯ upstream image response failed for https://api.showroom.estarch.com.bd/undefined 404
 ⨯ upstream image response failed for https://api.showroom.estarch.com.bd/undefined 404
 ⨯ upstream image response failed for https://api.showroom.estarch.com.bd/undefined 404
 ⨯ upstream image response failed for https://api.showroom.estarch.com.bd/undefined 404
 ⨯ upstream image response failed for https://api.showroom.estarch.com.bd/undefined 404
 ⨯ upstream image response failed for https://api.showroom.estarch.com.bd/undefined 404
 ⨯ upstream image response failed for https://api.showroom.estarch.com.bd/undefined 404
 ⨯ upstream image response failed for https://api.showroom.estarch.com.bd/undefined 404
 ⨯ upstream image response failed for https://api.showroom.estarch.com.bd/undefined 404
 ⨯ upstream image response failed for https://api.showroom.estarch.com.bd/undefined 404
 ⨯ upstream image response failed for https://api.showroom.estarch.com.bd/undefined 404
 ⨯ upstream image response failed for https://api.showroom.estarch.com.bd/undefined 404
 ⨯ upstream image response failed for https://api.showroom.estarch.com.bd/undefined 404
 ⨯ upstream image response failed for https://api.showroom.estarch.com.bd/undefined 404
 ⨯ upstream image response failed for https://api.showroom.estarch.com.bd/undefined 404
 ⨯ upstream image response failed for https://api.showroom.estarch.com.bd/http://res.cloudinary.com/dhn94c9k5/image/upload/v1724305810/rx1r5oejfqt2yotllxtc.jpg 404
 ⨯ upstream image response failed for https://api.showroom.estarch.com.bd/undefined 404
 ⨯ upstream image response failed for https://api.showroom.estarch.com.bd/undefined 404
 ⨯ upstream image response failed for https://api.showroom.estarch.com.bd/undefined 404
 ⨯ upstream image response failed for https://api.showroom.estarch.com.bd/undefined 404
 ⨯ upstream image response failed for https://api.showroom.estarch.com.bd/undefined 404
 ⨯ upstream image response failed for https://api.showroom.estarch.com.bd/undefined 404
 ⨯ upstream image response failed for https://api.showroom.estarch.com.bd/undefined 404
 ⨯ upstream image response failed for https://api.showroom.estarch.com.bd/http://res.cloudinary.com/dhn94c9k5/image/upload/v1725292800/imoqsv8mb5itfav3czd5.jpg 404
 ⨯ upstream image response failed for https://api.showroom.estarch.com.bd/undefined 404
 ⨯ upstream image response failed for https://api.showroom.estarch.com.bd/undefined 404
 ⨯ upstream image response failed for https://api.showroom.estarch.com.bd/undefined 404
 ⨯ upstream image response failed for https://api.showroom.estarch.com.bd/undefined 404
 ⨯ upstream image response failed for https://api.showroom.estarch.com.bd/undefined 404
 ⨯ upstream image response failed for https://api.showroom.estarch.com.bd/undefined 404
 ⨯ upstream image response failed for https://api.showroom.estarch.com.bd/undefined 404
 ⨯ upstream image response failed for https://api.showroom.estarch.com.bd/undefined 404
 ⨯ upstream image response failed for https://api.showroom.estarch.com.bd/undefined 404
 ⨯ upstream image response failed for https://api.showroom.estarch.com.bd/undefined 404
 ⨯ upstream image response failed for https://api.showroom.estarch.com.bd/undefined 404
 ⨯ upstream image response failed for https://api.showroom.estarch.com.bd/undefined 404
 ⨯ upstream image response failed for https://api.showroom.estarch.com.bd/undefined 404
 ⨯ upstream image response failed for https://api.showroom.estarch.com.bd/http://res.cloudinary.com/dhn94c9k5/image/upload/v1725292800/imoqsv8mb5itfav3czd5.jpg 404
 ⨯ upstream image response failed for https://api.showroom.estarch.com.bd/http://res.cloudinary.com/dhn94c9k5/image/upload/v1725292800/imoqsv8mb5itfav3czd5.jpg 404
 ⨯ upstream image response failed for https://api.showroom.estarch.com.bd/http://res.cloudinary.com/dhn94c9k5/image/upload/v1725292800/imoqsv8mb5itfav3czd5.jpg 404
 ⨯ upstream image response failed for https://api.showroom.estarch.com.bd/undefined 404
 ⨯ upstream image response failed for https://api.showroom.estarch.com.bd/undefined 404
 ⨯ upstream image response failed for https://api.showroom.estarch.com.bd/http://res.cloudinary.com/dhn94c9k5/image/upload/v1724426083/hpuos9mcnrwrkcepdiqw.jpg 404
 ⨯ upstream image response failed for https://api.showroom.estarch.com.bd/http://res.cloudinary.com/dhn94c9k5/image/upload/v1724422184/sa9tmjziqrd8iga81rof.jpg 404
 ⨯ upstream image response failed for https://api.showroom.estarch.com.bd/http://res.cloudinary.com/dhn94c9k5/image/upload/v1724422184/sa9tmjziqrd8iga81rof.jpg 404
 ⨯ upstream image response failed for https://api.showroom.estarch.com.bd/http://res.cloudinary.com/dhn94c9k5/image/upload/v1724426083/hpuos9mcnrwrkcepdiqw.jpg 404
 ⨯ upstream image response failed for https://api.showroom.estarch.com.bd/undefined 404
 ⨯ upstream image response failed for https://api.showroom.estarch.com.bd/undefined 404
 ⨯ upstream image response failed for https://api.showroom.estarch.com.bd/http://res.cloudinary.com/dhn94c9k5/image/upload/v1724422184/sa9tmjziqrd8iga81rof.jpg 404
 ⨯ upstream image response failed for https://api.showroom.estarch.com.bd/http://res.cloudinary.com/dhn94c9k5/image/upload/v1724426083/hpuos9mcnrwrkcepdiqw.jpg 404
 ⨯ upstream image response failed for https://api.showroom.estarch.com.bd/undefined 404
 ⨯ upstream image response failed for https://api.showroom.estarch.com.bd/undefined 404
 ⨯ upstream image response failed for https://api.showroom.estarch.com.bd/undefined 404
 ⨯ upstream image response failed for https://api.showroom.estarch.com.bd/undefined 404
 ⨯ upstream image response failed for https://api.showroom.estarch.com.bd/undefined 404
 ⨯ upstream image response failed for https://api.showroom.estarch.com.bd/undefined 404
